Determining if the pthread_create exist failed with the following output:
Change Dir: /home/zzy/catkin_ws/build/CMakeFiles/CMakeTmp

Run Build Command:"/usr/bin/make" "cmTC_039d3/fast"
/usr/bin/make -f CMakeFiles/cmTC_039d3.dir/build.make CMakeFiles/cmTC_039d3.dir/build
make[1]: 进入目录“/home/zzy/catkin_ws/build/CMakeFiles/CMakeTmp”
Building C object CMakeFiles/cmTC_039d3.dir/CheckSymbolExists.c.o
/usr/bin/cc    -o CMakeFiles/cmTC_039d3.dir/CheckSymbolExists.c.o   -c /home/zzy/catkin_ws/build/CMakeFiles/CMakeTmp/CheckSymbolExists.c
Linking C executable cmTC_039d3
/usr/bin/cmake -E cmake_link_script CMakeFiles/cmTC_039d3.dir/link.txt --verbose=1
/usr/bin/cc      -rdynamic CMakeFiles/cmTC_039d3.dir/CheckSymbolExists.c.o  -o cmTC_039d3 
CMakeFiles/cmTC_039d3.dir/CheckSymbolExists.c.o：在函数‘main’中：
CheckSymbolExists.c:(.text+0x1b)：对‘pthread_create’未定义的引用
collect2: error: ld returned 1 exit status
CMakeFiles/cmTC_039d3.dir/build.make:97: recipe for target 'cmTC_039d3' failed
make[1]: *** [cmTC_039d3] Error 1
make[1]: 离开目录“/home/zzy/catkin_ws/build/CMakeFiles/CMakeTmp”
Makefile:126: recipe for target 'cmTC_039d3/fast' failed
make: *** [cmTC_039d3/fast] Error 2

File /home/zzy/catkin_ws/build/CMakeFiles/CMakeTmp/CheckSymbolExists.c:
/* */
#include <pthread.h>

int main(int argc, char** argv)
{
  (void)argv;
#ifndef pthread_create
  return ((int*)(&pthread_create))[argc];
#else
  (void)argc;
  return 0;
#endif
}

Determining if the function pthread_create exists in the pthreads failed with the following output:
Change Dir: /home/zzy/catkin_ws/build/CMakeFiles/CMakeTmp

Run Build Command:"/usr/bin/make" "cmTC_e5702/fast"
/usr/bin/make -f CMakeFiles/cmTC_e5702.dir/build.make CMakeFiles/cmTC_e5702.dir/build
make[1]: 进入目录“/home/zzy/catkin_ws/build/CMakeFiles/CMakeTmp”
Building C object CMakeFiles/cmTC_e5702.dir/CheckFunctionExists.c.o
/usr/bin/cc   -DCHECK_FUNCTION_EXISTS=pthread_create   -o CMakeFiles/cmTC_e5702.dir/CheckFunctionExists.c.o   -c /usr/share/cmake-3.10/Modules/CheckFunctionExists.c
Linking C executable cmTC_e5702
/usr/bin/cmake -E cmake_link_script CMakeFiles/cmTC_e5702.dir/link.txt --verbose=1
/usr/bin/cc  -DCHECK_FUNCTION_EXISTS=pthread_create    -rdynamic CMakeFiles/cmTC_e5702.dir/CheckFunctionExists.c.o  -o cmTC_e5702 -lpthreads 
/usr/bin/ld: 找不到 -lpthreads
collect2: error: ld returned 1 exit status
CMakeFiles/cmTC_e5702.dir/build.make:97: recipe for target 'cmTC_e5702' failed
make[1]: *** [cmTC_e5702] Error 1
make[1]: 离开目录“/home/zzy/catkin_ws/build/CMakeFiles/CMakeTmp”
Makefile:126: recipe for target 'cmTC_e5702/fast' failed
make: *** [cmTC_e5702/fast] Error 2


Determining if the CL_VERSION_2_0 exist failed with the following output:
Change Dir: /home/zzy/catkin_ws/build/CMakeFiles/CMakeTmp

Run Build Command:"/usr/bin/make" "cmTC_48cce/fast"
/usr/bin/make -f CMakeFiles/cmTC_48cce.dir/build.make CMakeFiles/cmTC_48cce.dir/build
make[1]: 进入目录“/home/zzy/catkin_ws/build/CMakeFiles/CMakeTmp”
Building C object CMakeFiles/cmTC_48cce.dir/CheckSymbolExists.c.o
/usr/bin/cc    -o CMakeFiles/cmTC_48cce.dir/CheckSymbolExists.c.o   -c /home/zzy/catkin_ws/build/CMakeFiles/CMakeTmp/CheckSymbolExists.c
/home/zzy/catkin_ws/build/CMakeFiles/CMakeTmp/CheckSymbolExists.c:2:10: fatal error: OpenCL_INCLUDE_DIR-NOTFOUND/CL/cl.h: 没有那个文件或目录
 #include <OpenCL_INCLUDE_DIR-NOTFOUND/CL/cl.h>
          ^~~~~~~~~~~~~~~~~~~~~~~~~~~~~~~~~~~~~
compilation terminated.
CMakeFiles/cmTC_48cce.dir/build.make:65: recipe for target 'CMakeFiles/cmTC_48cce.dir/CheckSymbolExists.c.o' failed
make[1]: *** [CMakeFiles/cmTC_48cce.dir/CheckSymbolExists.c.o] Error 1
make[1]: 离开目录“/home/zzy/catkin_ws/build/CMakeFiles/CMakeTmp”
Makefile:126: recipe for target 'cmTC_48cce/fast' failed
make: *** [cmTC_48cce/fast] Error 2

File /home/zzy/catkin_ws/build/CMakeFiles/CMakeTmp/CheckSymbolExists.c:
/* */
#include <OpenCL_INCLUDE_DIR-NOTFOUND/CL/cl.h>

int main(int argc, char** argv)
{
  (void)argv;
#ifndef CL_VERSION_2_0
  return ((int*)(&CL_VERSION_2_0))[argc];
#else
  (void)argc;
  return 0;
#endif
}

Determining if the CL_VERSION_1_2 exist failed with the following output:
Change Dir: /home/zzy/catkin_ws/build/CMakeFiles/CMakeTmp

Run Build Command:"/usr/bin/make" "cmTC_a2a4c/fast"
/usr/bin/make -f CMakeFiles/cmTC_a2a4c.dir/build.make CMakeFiles/cmTC_a2a4c.dir/build
make[1]: 进入目录“/home/zzy/catkin_ws/build/CMakeFiles/CMakeTmp”
Building C object CMakeFiles/cmTC_a2a4c.dir/CheckSymbolExists.c.o
/usr/bin/cc    -o CMakeFiles/cmTC_a2a4c.dir/CheckSymbolExists.c.o   -c /home/zzy/catkin_ws/build/CMakeFiles/CMakeTmp/CheckSymbolExists.c
/home/zzy/catkin_ws/build/CMakeFiles/CMakeTmp/CheckSymbolExists.c:2:10: fatal error: OpenCL_INCLUDE_DIR-NOTFOUND/CL/cl.h: 没有那个文件或目录
 #include <OpenCL_INCLUDE_DIR-NOTFOUND/CL/cl.h>
          ^~~~~~~~~~~~~~~~~~~~~~~~~~~~~~~~~~~~~
compilation terminated.
CMakeFiles/cmTC_a2a4c.dir/build.make:65: recipe for target 'CMakeFiles/cmTC_a2a4c.dir/CheckSymbolExists.c.o' failed
make[1]: *** [CMakeFiles/cmTC_a2a4c.dir/CheckSymbolExists.c.o] Error 1
make[1]: 离开目录“/home/zzy/catkin_ws/build/CMakeFiles/CMakeTmp”
Makefile:126: recipe for target 'cmTC_a2a4c/fast' failed
make: *** [cmTC_a2a4c/fast] Error 2

File /home/zzy/catkin_ws/build/CMakeFiles/CMakeTmp/CheckSymbolExists.c:
/* */
#include <OpenCL_INCLUDE_DIR-NOTFOUND/CL/cl.h>

int main(int argc, char** argv)
{
  (void)argv;
#ifndef CL_VERSION_1_2
  return ((int*)(&CL_VERSION_1_2))[argc];
#else
  (void)argc;
  return 0;
#endif
}

Determining if the CL_VERSION_1_1 exist failed with the following output:
Change Dir: /home/zzy/catkin_ws/build/CMakeFiles/CMakeTmp

Run Build Command:"/usr/bin/make" "cmTC_733d6/fast"
/usr/bin/make -f CMakeFiles/cmTC_733d6.dir/build.make CMakeFiles/cmTC_733d6.dir/build
make[1]: 进入目录“/home/zzy/catkin_ws/build/CMakeFiles/CMakeTmp”
Building C object CMakeFiles/cmTC_733d6.dir/CheckSymbolExists.c.o
/usr/bin/cc    -o CMakeFiles/cmTC_733d6.dir/CheckSymbolExists.c.o   -c /home/zzy/catkin_ws/build/CMakeFiles/CMakeTmp/CheckSymbolExists.c
/home/zzy/catkin_ws/build/CMakeFiles/CMakeTmp/CheckSymbolExists.c:2:10: fatal error: OpenCL_INCLUDE_DIR-NOTFOUND/CL/cl.h: 没有那个文件或目录
 #include <OpenCL_INCLUDE_DIR-NOTFOUND/CL/cl.h>
          ^~~~~~~~~~~~~~~~~~~~~~~~~~~~~~~~~~~~~
compilation terminated.
CMakeFiles/cmTC_733d6.dir/build.make:65: recipe for target 'CMakeFiles/cmTC_733d6.dir/CheckSymbolExists.c.o' failed
make[1]: *** [CMakeFiles/cmTC_733d6.dir/CheckSymbolExists.c.o] Error 1
make[1]: 离开目录“/home/zzy/catkin_ws/build/CMakeFiles/CMakeTmp”
Makefile:126: recipe for target 'cmTC_733d6/fast' failed
make: *** [cmTC_733d6/fast] Error 2

File /home/zzy/catkin_ws/build/CMakeFiles/CMakeTmp/CheckSymbolExists.c:
/* */
#include <OpenCL_INCLUDE_DIR-NOTFOUND/CL/cl.h>

int main(int argc, char** argv)
{
  (void)argv;
#ifndef CL_VERSION_1_1
  return ((int*)(&CL_VERSION_1_1))[argc];
#else
  (void)argc;
  return 0;
#endif
}

Determining if the CL_VERSION_1_0 exist failed with the following output:
Change Dir: /home/zzy/catkin_ws/build/CMakeFiles/CMakeTmp

Run Build Command:"/usr/bin/make" "cmTC_aca2a/fast"
/usr/bin/make -f CMakeFiles/cmTC_aca2a.dir/build.make CMakeFiles/cmTC_aca2a.dir/build
make[1]: 进入目录“/home/zzy/catkin_ws/build/CMakeFiles/CMakeTmp”
Building C object CMakeFiles/cmTC_aca2a.dir/CheckSymbolExists.c.o
/usr/bin/cc    -o CMakeFiles/cmTC_aca2a.dir/CheckSymbolExists.c.o   -c /home/zzy/catkin_ws/build/CMakeFiles/CMakeTmp/CheckSymbolExists.c
/home/zzy/catkin_ws/build/CMakeFiles/CMakeTmp/CheckSymbolExists.c:2:10: fatal error: OpenCL_INCLUDE_DIR-NOTFOUND/CL/cl.h: 没有那个文件或目录
 #include <OpenCL_INCLUDE_DIR-NOTFOUND/CL/cl.h>
          ^~~~~~~~~~~~~~~~~~~~~~~~~~~~~~~~~~~~~
compilation terminated.
CMakeFiles/cmTC_aca2a.dir/build.make:65: recipe for target 'CMakeFiles/cmTC_aca2a.dir/CheckSymbolExists.c.o' failed
make[1]: *** [CMakeFiles/cmTC_aca2a.dir/CheckSymbolExists.c.o] Error 1
make[1]: 离开目录“/home/zzy/catkin_ws/build/CMakeFiles/CMakeTmp”
Makefile:126: recipe for target 'cmTC_aca2a/fast' failed
make: *** [cmTC_aca2a/fast] Error 2

File /home/zzy/catkin_ws/build/CMakeFiles/CMakeTmp/CheckSymbolExists.c:
/* */
#include <OpenCL_INCLUDE_DIR-NOTFOUND/CL/cl.h>

int main(int argc, char** argv)
{
  (void)argv;
#ifndef CL_VERSION_1_0
  return ((int*)(&CL_VERSION_1_0))[argc];
#else
  (void)argc;
  return 0;
#endif
}

